<?xml version="1.0" encoding="UTF-8"?>
<testng-results ignored="0" total="2" passed="2" failed="0" skipped="0">
  <reporter-output>
  </reporter-output>
  <suite started-at="2025-05-28T13:45:04 IST" name="Default suite" finished-at="2025-05-28T13:45:20 IST" duration-ms="15950">
    <groups>
    </groups>
    <test started-at="2025-05-28T13:45:04 IST" name="Default test" finished-at="2025-05-28T13:45:20 IST" duration-ms="15950">
      <class name="day17042025.LoginTest">
        <test-method is-config="true" signature="setUp()[pri:0, instance:day17042025.LoginTest@5aa9e4eb]" started-at="2025-05-28T13:45:04 IST" name="setUp" finished-at="2025-05-28T13:45:19 IST" duration-ms="14502" status="PASS">
          <reporter-output>
          </reporter-output>
        </test-method> <!-- setUp -->
        <test-method signature="testHomePageTitle()[pri:0, instance:day17042025.LoginTest@5aa9e4eb]" started-at="2025-05-28T13:45:19 IST" name="testHomePageTitle" finished-at="2025-05-28T13:45:19 IST" duration-ms="5" status="PASS">
          <reporter-output>
          </reporter-output>
        </test-method> <!-- testHomePageTitle -->
        <test-method signature="testLoginPageTitle()[pri:0, instance:day17042025.LoginTest@5aa9e4eb]" started-at="2025-05-28T13:45:19 IST" name="testLoginPageTitle" finished-at="2025-05-28T13:45:19 IST" duration-ms="2" status="PASS">
          <reporter-output>
          </reporter-output>
        </test-method> <!-- testLoginPageTitle -->
        <test-method is-config="true" signature="tearDown()[pri:0, instance:day17042025.LoginTest@5aa9e4eb]" started-at="2025-05-28T13:45:19 IST" name="tearDown" finished-at="2025-05-28T13:45:20 IST" duration-ms="1375" status="PASS">
          <reporter-output>
          </reporter-output>
        </test-method> <!-- tearDown -->
      </class> <!-- day17042025.LoginTest -->
    </test> <!-- Default test -->
  </suite> <!-- Default suite -->
</testng-results>
